<?xml version="1.0" encoding="UTF-8"?>
<!-- Generated by org.testng.reporters.JUnitReportReporter -->
<testsuite skipped="0" hostname="LAPTOP-QV1OK81J" name="realtor.TestCase" tests="2" failures="0" timestamp="23 Jan 2018 22:05:50 GMT" time="70.516" errors="0">
  <testcase name="testPages" time="37.943" classname="realtor.TestCase"/>
  <testcase name="testPages" time="32.573" classname="realtor.TestCase"/>
</testsuite> <!-- realtor.TestCase -->
